<?xml version="1.0" encoding="UTF-8"?>
<testsuite xmlns:xsi="http://www.w3.org/2001/XMLSchema-instance" xsi:noNamespaceSchemaLocation="https://maven.apache.org/surefire/maven-surefire-plugin/xsd/surefire-test-report.xsd" name="com.homedepot.hackathon.gcpreauth.vertx_gcpreauth.TestMainVerticle" time="1.543" tests="1" errors="0" skipped="0" failures="0">
  <properties>
    <property name="gopherProxySet" value="false"/>
    <property name="awt.toolkit" value="sun.lwawt.macosx.LWCToolkit"/>
    <property name="file.encoding.pkg" value="sun.io"/>
    <property name="java.specification.version" value="1.8"/>
    <property name="sun.cpu.isalist" value=""/>
    <property name="sun.jnu.encoding" value="UTF-8"/>
    <property name="java.class.path" value="/Users/bxm8ub7/git/hack-a-thon/gcpreauth_vertxpoc/target/test-classes:/Users/bxm8ub7/git/hack-a-thon/gcpreauth_vertxpoc/target/classes:/Users/bxm8ub7/.m2/repository/io/vertx/vertx-jdbc-client/3.8.1/vertx-jdbc-client-3.8.1.jar:/Users/bxm8ub7/.m2/repository/io/vertx/vertx-sql-common/3.8.1/vertx-sql-common-3.8.1.jar:/Users/bxm8ub7/.m2/repository/com/mchange/c3p0/0.9.5.4/c3p0-0.9.5.4.jar:/Users/bxm8ub7/.m2/repository/com/mchange/mchange-commons-java/0.2.15/mchange-commons-java-0.2.15.jar:/Users/bxm8ub7/.m2/repository/io/vertx/vertx-unit/3.8.1/vertx-unit-3.8.1.jar:/Users/bxm8ub7/.m2/repository/io/vertx/vertx-core/3.8.1/vertx-core-3.8.1.jar:/Users/bxm8ub7/.m2/repository/io/netty/netty-common/4.1.39.Final/netty-common-4.1.39.Final.jar:/Users/bxm8ub7/.m2/repository/io/netty/netty-buffer/4.1.39.Final/netty-buffer-4.1.39.Final.jar:/Users/bxm8ub7/.m2/repository/io/netty/netty-transport/4.1.39.Final/netty-transport-4.1.39.Final.jar:/Users/bxm8ub7/.m2/repository/io/netty/netty-handler/4.1.39.Final/netty-handler-4.1.39.Final.jar:/Users/bxm8ub7/.m2/repository/io/netty/netty-codec/4.1.39.Final/netty-codec-4.1.39.Final.jar:/Users/bxm8ub7/.m2/repository/io/netty/netty-handler-proxy/4.1.39.Final/netty-handler-proxy-4.1.39.Final.jar:/Users/bxm8ub7/.m2/repository/io/netty/netty-codec-socks/4.1.39.Final/netty-codec-socks-4.1.39.Final.jar:/Users/bxm8ub7/.m2/repository/io/netty/netty-codec-http/4.1.39.Final/netty-codec-http-4.1.39.Final.jar:/Users/bxm8ub7/.m2/repository/io/netty/netty-codec-http2/4.1.39.Final/netty-codec-http2-4.1.39.Final.jar:/Users/bxm8ub7/.m2/repository/io/netty/netty-resolver/4.1.39.Final/netty-resolver-4.1.39.Final.jar:/Users/bxm8ub7/.m2/repository/io/netty/netty-resolver-dns/4.1.39.Final/netty-resolver-dns-4.1.39.Final.jar:/Users/bxm8ub7/.m2/repository/io/netty/netty-codec-dns/4.1.39.Final/netty-codec-dns-4.1.39.Final.jar:/Users/bxm8ub7/.m2/repository/io/vertx/vertx-web/3.8.1/vertx-web-3.8.1.jar:/Users/bxm8ub7/.m2/repository/io/vertx/vertx-web-common/3.8.1/vertx-web-common-3.8.1.jar:/Users/bxm8ub7/.m2/repository/io/vertx/vertx-auth-common/3.8.1/vertx-auth-common-3.8.1.jar:/Users/bxm8ub7/.m2/repository/io/vertx/vertx-bridge-common/3.8.1/vertx-bridge-common-3.8.1.jar:/Users/bxm8ub7/.m2/repository/io/vertx/vertx-pg-client/3.8.1/vertx-pg-client-3.8.1.jar:/Users/bxm8ub7/.m2/repository/io/vertx/vertx-sql-client/3.8.1/vertx-sql-client-3.8.1.jar:/Users/bxm8ub7/.m2/repository/io/vertx/vertx-micrometer-metrics/3.8.1/vertx-micrometer-metrics-3.8.1.jar:/Users/bxm8ub7/.m2/repository/io/micrometer/micrometer-core/1.1.0/micrometer-core-1.1.0.jar:/Users/bxm8ub7/.m2/repository/org/latencyutils/LatencyUtils/2.0.3/LatencyUtils-2.0.3.jar:/Users/bxm8ub7/.m2/repository/org/hdrhistogram/HdrHistogram/2.1.10/HdrHistogram-2.1.10.jar:/Users/bxm8ub7/.m2/repository/io/vertx/vertx-junit5/3.8.1/vertx-junit5-3.8.1.jar:/Users/bxm8ub7/.m2/repository/io/vertx/vertx-rx-java2/3.8.1/vertx-rx-java2-3.8.1.jar:/Users/bxm8ub7/.m2/repository/io/reactivex/rxjava2/rxjava/2.2.4/rxjava-2.2.4.jar:/Users/bxm8ub7/.m2/repository/org/reactivestreams/reactive-streams/1.0.2/reactive-streams-1.0.2.jar:/Users/bxm8ub7/.m2/repository/io/vertx/vertx-mysql-postgresql-client/3.8.1/vertx-mysql-postgresql-client-3.8.1.jar:/Users/bxm8ub7/.m2/repository/org/scala-lang/scala-library/2.12.7/scala-library-2.12.7.jar:/Users/bxm8ub7/.m2/repository/com/github/mauricio/postgresql-async_2.12/0.2.21/postgresql-async_2.12-0.2.21.jar:/Users/bxm8ub7/.m2/repository/com/github/mauricio/db-async-common_2.12/0.2.21/db-async-common_2.12-0.2.21.jar:/Users/bxm8ub7/.m2/repository/joda-time/joda-time/2.9.7/joda-time-2.9.7.jar:/Users/bxm8ub7/.m2/repository/org/joda/joda-convert/1.8.1/joda-convert-1.8.1.jar:/Users/bxm8ub7/.m2/repository/org/javassist/javassist/3.21.0-GA/javassist-3.21.0-GA.jar:/Users/bxm8ub7/.m2/repository/com/github/mauricio/mysql-async_2.12/0.2.21/mysql-async_2.12-0.2.21.jar:/Users/bxm8ub7/.m2/repository/io/vertx/vertx-service-proxy/3.8.1/vertx-service-proxy-3.8.1.jar:/Users/bxm8ub7/.m2/repository/io/vertx/vertx-codegen/3.8.1/vertx-codegen-3.8.1.jar:/Users/bxm8ub7/.m2/repository/com/fasterxml/jackson/core/jackson-core/2.9.9/jackson-core-2.9.9.jar:/Users/bxm8ub7/.m2/repository/com/fasterxml/jackson/core/jackson-databind/2.9.9.1/jackson-databind-2.9.9.1.jar:/Users/bxm8ub7/.m2/repository/com/fasterxml/jackson/core/jackson-annotations/2.9.9/jackson-annotations-2.9.9.jar:/Users/bxm8ub7/.m2/repository/org/mvel/mvel2/2.3.1.Final/mvel2-2.3.1.Final.jar:/Users/bxm8ub7/.m2/repository/org/junit/jupiter/junit-jupiter-api/5.4.0/junit-jupiter-api-5.4.0.jar:/Users/bxm8ub7/.m2/repository/org/apiguardian/apiguardian-api/1.0.0/apiguardian-api-1.0.0.jar:/Users/bxm8ub7/.m2/repository/org/opentest4j/opentest4j/1.1.1/opentest4j-1.1.1.jar:/Users/bxm8ub7/.m2/repository/org/junit/platform/junit-platform-commons/1.4.0/junit-platform-commons-1.4.0.jar:/Users/bxm8ub7/.m2/repository/org/junit/jupiter/junit-jupiter-engine/5.4.0/junit-jupiter-engine-5.4.0.jar:/Users/bxm8ub7/.m2/repository/org/junit/platform/junit-platform-engine/1.4.0/junit-platform-engine-1.4.0.jar:/Users/bxm8ub7/.m2/repository/io/vertx/vertx-rx-java/3.8.1/vertx-rx-java-3.8.1.jar:/Users/bxm8ub7/.m2/repository/io/reactivex/rxjava/1.3.8/rxjava-1.3.8.jar:/Users/bxm8ub7/.m2/repository/io/vertx/vertx-rx-gen/3.8.1/vertx-rx-gen-3.8.1.jar:"/>
    <property name="java.vm.vendor" value="Oracle Corporation"/>
    <property name="sun.arch.data.model" value="64"/>
    <property name="java.vendor.url" value="http://java.oracle.com/"/>
    <property name="user.timezone" value=""/>
    <property name="java.vm.specification.version" value="1.8"/>
    <property name="os.name" value="Mac OS X"/>
    <property name="user.country" value="US"/>
    <property name="sun.java.launcher" value="SUN_STANDARD"/>
    <property name="sun.boot.library.path" value="/Library/Java/JavaVirtualMachines/jdk1.8.0_211.jdk/Contents/Home/jre/lib"/>
    <property name="sun.java.command" value="/Users/bxm8ub7/git/hack-a-thon/gcpreauth_vertxpoc/target/surefire/surefirebooter5499350619197637120.jar /Users/bxm8ub7/git/hack-a-thon/gcpreauth_vertxpoc/target/surefire 2019-09-18T13-33-42_103-jvmRun1 surefire7978449216513072370tmp surefire_0355943144046013907tmp"/>
    <property name="surefire.test.class.path" value="/Users/bxm8ub7/git/hack-a-thon/gcpreauth_vertxpoc/target/test-classes:/Users/bxm8ub7/git/hack-a-thon/gcpreauth_vertxpoc/target/classes:/Users/bxm8ub7/.m2/repository/io/vertx/vertx-jdbc-client/3.8.1/vertx-jdbc-client-3.8.1.jar:/Users/bxm8ub7/.m2/repository/io/vertx/vertx-sql-common/3.8.1/vertx-sql-common-3.8.1.jar:/Users/bxm8ub7/.m2/repository/com/mchange/c3p0/0.9.5.4/c3p0-0.9.5.4.jar:/Users/bxm8ub7/.m2/repository/com/mchange/mchange-commons-java/0.2.15/mchange-commons-java-0.2.15.jar:/Users/bxm8ub7/.m2/repository/io/vertx/vertx-unit/3.8.1/vertx-unit-3.8.1.jar:/Users/bxm8ub7/.m2/repository/io/vertx/vertx-core/3.8.1/vertx-core-3.8.1.jar:/Users/bxm8ub7/.m2/repository/io/netty/netty-common/4.1.39.Final/netty-common-4.1.39.Final.jar:/Users/bxm8ub7/.m2/repository/io/netty/netty-buffer/4.1.39.Final/netty-buffer-4.1.39.Final.jar:/Users/bxm8ub7/.m2/repository/io/netty/netty-transport/4.1.39.Final/netty-transport-4.1.39.Final.jar:/Users/bxm8ub7/.m2/repository/io/netty/netty-handler/4.1.39.Final/netty-handler-4.1.39.Final.jar:/Users/bxm8ub7/.m2/repository/io/netty/netty-codec/4.1.39.Final/netty-codec-4.1.39.Final.jar:/Users/bxm8ub7/.m2/repository/io/netty/netty-handler-proxy/4.1.39.Final/netty-handler-proxy-4.1.39.Final.jar:/Users/bxm8ub7/.m2/repository/io/netty/netty-codec-socks/4.1.39.Final/netty-codec-socks-4.1.39.Final.jar:/Users/bxm8ub7/.m2/repository/io/netty/netty-codec-http/4.1.39.Final/netty-codec-http-4.1.39.Final.jar:/Users/bxm8ub7/.m2/repository/io/netty/netty-codec-http2/4.1.39.Final/netty-codec-http2-4.1.39.Final.jar:/Users/bxm8ub7/.m2/repository/io/netty/netty-resolver/4.1.39.Final/netty-resolver-4.1.39.Final.jar:/Users/bxm8ub7/.m2/repository/io/netty/netty-resolver-dns/4.1.39.Final/netty-resolver-dns-4.1.39.Final.jar:/Users/bxm8ub7/.m2/repository/io/netty/netty-codec-dns/4.1.39.Final/netty-codec-dns-4.1.39.Final.jar:/Users/bxm8ub7/.m2/repository/io/vertx/vertx-web/3.8.1/vertx-web-3.8.1.jar:/Users/bxm8ub7/.m2/repository/io/vertx/vertx-web-common/3.8.1/vertx-web-common-3.8.1.jar:/Users/bxm8ub7/.m2/repository/io/vertx/vertx-auth-common/3.8.1/vertx-auth-common-3.8.1.jar:/Users/bxm8ub7/.m2/repository/io/vertx/vertx-bridge-common/3.8.1/vertx-bridge-common-3.8.1.jar:/Users/bxm8ub7/.m2/repository/io/vertx/vertx-pg-client/3.8.1/vertx-pg-client-3.8.1.jar:/Users/bxm8ub7/.m2/repository/io/vertx/vertx-sql-client/3.8.1/vertx-sql-client-3.8.1.jar:/Users/bxm8ub7/.m2/repository/io/vertx/vertx-micrometer-metrics/3.8.1/vertx-micrometer-metrics-3.8.1.jar:/Users/bxm8ub7/.m2/repository/io/micrometer/micrometer-core/1.1.0/micrometer-core-1.1.0.jar:/Users/bxm8ub7/.m2/repository/org/latencyutils/LatencyUtils/2.0.3/LatencyUtils-2.0.3.jar:/Users/bxm8ub7/.m2/repository/org/hdrhistogram/HdrHistogram/2.1.10/HdrHistogram-2.1.10.jar:/Users/bxm8ub7/.m2/repository/io/vertx/vertx-junit5/3.8.1/vertx-junit5-3.8.1.jar:/Users/bxm8ub7/.m2/repository/io/vertx/vertx-rx-java2/3.8.1/vertx-rx-java2-3.8.1.jar:/Users/bxm8ub7/.m2/repository/io/reactivex/rxjava2/rxjava/2.2.4/rxjava-2.2.4.jar:/Users/bxm8ub7/.m2/repository/org/reactivestreams/reactive-streams/1.0.2/reactive-streams-1.0.2.jar:/Users/bxm8ub7/.m2/repository/io/vertx/vertx-mysql-postgresql-client/3.8.1/vertx-mysql-postgresql-client-3.8.1.jar:/Users/bxm8ub7/.m2/repository/org/scala-lang/scala-library/2.12.7/scala-library-2.12.7.jar:/Users/bxm8ub7/.m2/repository/com/github/mauricio/postgresql-async_2.12/0.2.21/postgresql-async_2.12-0.2.21.jar:/Users/bxm8ub7/.m2/repository/com/github/mauricio/db-async-common_2.12/0.2.21/db-async-common_2.12-0.2.21.jar:/Users/bxm8ub7/.m2/repository/joda-time/joda-time/2.9.7/joda-time-2.9.7.jar:/Users/bxm8ub7/.m2/repository/org/joda/joda-convert/1.8.1/joda-convert-1.8.1.jar:/Users/bxm8ub7/.m2/repository/org/javassist/javassist/3.21.0-GA/javassist-3.21.0-GA.jar:/Users/bxm8ub7/.m2/repository/com/github/mauricio/mysql-async_2.12/0.2.21/mysql-async_2.12-0.2.21.jar:/Users/bxm8ub7/.m2/repository/io/vertx/vertx-service-proxy/3.8.1/vertx-service-proxy-3.8.1.jar:/Users/bxm8ub7/.m2/repository/io/vertx/vertx-codegen/3.8.1/vertx-codegen-3.8.1.jar:/Users/bxm8ub7/.m2/repository/com/fasterxml/jackson/core/jackson-core/2.9.9/jackson-core-2.9.9.jar:/Users/bxm8ub7/.m2/repository/com/fasterxml/jackson/core/jackson-databind/2.9.9.1/jackson-databind-2.9.9.1.jar:/Users/bxm8ub7/.m2/repository/com/fasterxml/jackson/core/jackson-annotations/2.9.9/jackson-annotations-2.9.9.jar:/Users/bxm8ub7/.m2/repository/org/mvel/mvel2/2.3.1.Final/mvel2-2.3.1.Final.jar:/Users/bxm8ub7/.m2/repository/org/junit/jupiter/junit-jupiter-api/5.4.0/junit-jupiter-api-5.4.0.jar:/Users/bxm8ub7/.m2/repository/org/apiguardian/apiguardian-api/1.0.0/apiguardian-api-1.0.0.jar:/Users/bxm8ub7/.m2/repository/org/opentest4j/opentest4j/1.1.1/opentest4j-1.1.1.jar:/Users/bxm8ub7/.m2/repository/org/junit/platform/junit-platform-commons/1.4.0/junit-platform-commons-1.4.0.jar:/Users/bxm8ub7/.m2/repository/org/junit/jupiter/junit-jupiter-engine/5.4.0/junit-jupiter-engine-5.4.0.jar:/Users/bxm8ub7/.m2/repository/org/junit/platform/junit-platform-engine/1.4.0/junit-platform-engine-1.4.0.jar:/Users/bxm8ub7/.m2/repository/io/vertx/vertx-rx-java/3.8.1/vertx-rx-java-3.8.1.jar:/Users/bxm8ub7/.m2/repository/io/reactivex/rxjava/1.3.8/rxjava-1.3.8.jar:/Users/bxm8ub7/.m2/repository/io/vertx/vertx-rx-gen/3.8.1/vertx-rx-gen-3.8.1.jar:"/>
    <property name="sun.cpu.endian" value="little"/>
    <property name="user.home" value="/Users/bxm8ub7"/>
    <property name="user.language" value="en"/>
    <property name="java.specification.vendor" value="Oracle Corporation"/>
    <property name="java.home" value="/Library/Java/JavaVirtualMachines/jdk1.8.0_211.jdk/Contents/Home/jre"/>
    <property name="basedir" value="/Users/bxm8ub7/git/hack-a-thon/gcpreauth_vertxpoc"/>
    <property name="file.separator" value="/"/>
    <property name="line.separator" value="&#10;"/>
    <property name="java.vm.specification.vendor" value="Oracle Corporation"/>
    <property name="java.specification.name" value="Java Platform API Specification"/>
    <property name="java.awt.graphicsenv" value="sun.awt.CGraphicsEnvironment"/>
    <property name="surefire.real.class.path" value="/Users/bxm8ub7/git/hack-a-thon/gcpreauth_vertxpoc/target/surefire/surefirebooter5499350619197637120.jar"/>
    <property name="sun.boot.class.path" value="/Library/Java/JavaVirtualMachines/jdk1.8.0_211.jdk/Contents/Home/jre/lib/resources.jar:/Library/Java/JavaVirtualMachines/jdk1.8.0_211.jdk/Contents/Home/jre/lib/rt.jar:/Library/Java/JavaVirtualMachines/jdk1.8.0_211.jdk/Contents/Home/jre/lib/sunrsasign.jar:/Library/Java/JavaVirtualMachines/jdk1.8.0_211.jdk/Contents/Home/jre/lib/jsse.jar:/Library/Java/JavaVirtualMachines/jdk1.8.0_211.jdk/Contents/Home/jre/lib/jce.jar:/Library/Java/JavaVirtualMachines/jdk1.8.0_211.jdk/Contents/Home/jre/lib/charsets.jar:/Library/Java/JavaVirtualMachines/jdk1.8.0_211.jdk/Contents/Home/jre/lib/jfr.jar:/Library/Java/JavaVirtualMachines/jdk1.8.0_211.jdk/Contents/Home/jre/classes"/>
    <property name="sun.management.compiler" value="HotSpot 64-Bit Tiered Compilers"/>
    <property name="java.runtime.version" value="1.8.0_211-b12"/>
    <property name="user.name" value="bxm8ub7"/>
    <property name="path.separator" value=":"/>
    <property name="os.version" value="10.14.6"/>
    <property name="java.endorsed.dirs" value="/Library/Java/JavaVirtualMachines/jdk1.8.0_211.jdk/Contents/Home/jre/lib/endorsed"/>
    <property name="java.runtime.name" value="Java(TM) SE Runtime Environment"/>
    <property name="file.encoding" value="US-ASCII"/>
    <property name="java.vm.name" value="Java HotSpot(TM) 64-Bit Server VM"/>
    <property name="localRepository" value="/Users/bxm8ub7/.m2/repository"/>
    <property name="java.vendor.url.bug" value="http://bugreport.sun.com/bugreport/"/>
    <property name="java.io.tmpdir" value="/var/folders/9v/2bp9ks6x3ys8rn9w6559gxy40000gn/T/"/>
    <property name="idea.version" value="2018.3.4"/>
    <property name="java.version" value="1.8.0_211"/>
    <property name="user.dir" value="/Users/bxm8ub7/git/hack-a-thon/gcpreauth_vertxpoc"/>
    <property name="os.arch" value="x86_64"/>
    <property name="java.vm.specification.name" value="Java Virtual Machine Specification"/>
    <property name="java.awt.printerjob" value="sun.lwawt.macosx.CPrinterJob"/>
    <property name="sun.os.patch.level" value="unknown"/>
    <property name="java.library.path" value="/Users/bxm8ub7/Library/Java/Extensions:/Library/Java/Extensions:/Network/Library/Java/Extensions:/System/Library/Java/Extensions:/usr/lib/java:."/>
    <property name="java.vm.info" value="mixed mode"/>
    <property name="java.vendor" value="Oracle Corporation"/>
    <property name="java.vm.version" value="25.211-b12"/>
    <property name="java.ext.dirs" value="/Users/bxm8ub7/Library/Java/Extensions:/Library/Java/JavaVirtualMachines/jdk1.8.0_211.jdk/Contents/Home/jre/lib/ext:/Library/Java/Extensions:/Network/Library/Java/Extensions:/System/Library/Java/Extensions:/usr/lib/java"/>
    <property name="sun.io.unicode.encoding" value="UnicodeBig"/>
    <property name="java.class.version" value="52.0"/>
  </properties>
  <testcase name="verticle_deployed{Vertx, VertxTestContext}" classname="com.homedepot.hackathon.gcpreauth.vertx_gcpreauth.TestMainVerticle" time="1.537"/>
</testsuite>